1528098400787	geckodriver	INFO	geckodriver 0.20.1
1528098400796	geckodriver	INFO	Listening on 127.0.0.1:61595
1528098401294	mozrunner::runner	INFO	Running command: "D:\\firefox\\firefox.exe" "-marionette" "-headless" "-profile" "C:\\Users\\Administrator\\AppData\\Local\\Temp\\rust_mozprofile.FXrrgvM82Xhw"
*** You are running in headless mode.
1528098403886	Marionette	INFO	Listening on port 61600
1528098404145	Marionette	WARN	TLS certificate errors will be ignored for this session
Unable to read VR Path Registry from C:\Users\Administrator\AppData\Local\openvr\openvrpaths.vrpath
JavaScript warning: http://js.8684.cn/citys/jq.min.js, line 1: Using //@ to indicate sourceMappingURL pragmas is deprecated. Use //# instead
JavaScript error: http://www.8684.cn/api/topbanner.php, line 1: TypeError: da is null
Unable to read VR Path Registry from C:\Users\Administrator\AppData\Local\openvr\openvrpaths.vrpath
[Child 9584, Chrome_ChildThread] WARNING: pipe error: 109: file z:/build/build/src/ipc/chromium/src/chrome/common/ipc_channel_win.cc, line 346
[Child 6464, Chrome_ChildThread] WARNING: pipe error: 109: file z:/build/build/src/ipc/chromium/src/chrome/common/ipc_channel_win.cc, line 346
[Child 6464, Chrome_ChildThread] WARNING: pipe error: 109: file z:/build/build/src/ipc/chromium/src/chrome/common/ipc_channel_win.cc, line 346
Unable to read VR Path Registry from C:\Users\Administrator\AppData\Local\openvr\openvrpaths.vrpath
[Child 6968, Chrome_ChildThread] WARNING: pipe error: 109: file z:/build/build/src/ipc/chromium/src/chrome/common/ipc_channel_win.cc, line 346
*** UTM:SVC TimerManager:registerTimer called after profile-before-change notification. Ignoring timer registration for id: telemetry_modules_ping
Unable to read VR Path Registry from C:\Users\Administrator\AppData\Local\openvr\openvrpaths.vrpath
1528098569189	geckodriver	INFO	geckodriver 0.20.1
1528098569202	geckodriver	INFO	Listening on 127.0.0.1:61960
1528098569218	mozrunner::runner	INFO	Running command: "D:\\firefox\\firefox.exe" "-marionette" "-headless" "-profile" "C:\\Users\\Administrator\\AppData\\Local\\Temp\\rust_mozprofile.kqkXPzqO7bgD"
*** You are running in headless mode.
1528098571692	Marionette	INFO	Listening on port 61965
1528098572058	Marionette	WARN	TLS certificate errors will be ignored for this session
Unable to read VR Path Registry from C:\Users\Administrator\AppData\Local\openvr\openvrpaths.vrpath
JavaScript warning: http://js.8684.cn/citys/jq.min.js, line 1: Using //@ to indicate sourceMappingURL pragmas is deprecated. Use //# instead
JavaScript error: http://www.8684.cn/api/topbanner.php, line 1: TypeError: da is null
Unable to read VR Path Registry from C:\Users\Administrator\AppData\Local\openvr\openvrpaths.vrpath
[Child 7416, Chrome_ChildThread] WARNING: pipe error: 109: file z:/build/build/src/ipc/chromium/src/chrome/common/ipc_channel_win.cc, line 346
Unable to read VR Path Registry from C:\Users\Administrator\AppData\Local\openvr\openvrpaths.vrpath
[Parent 5500, Gecko_IOThread] WARNING: pipe error: 109: file z:/build/build/src/ipc/chromium/src/chrome/common/ipc_channel_win.cc, line 346
*** UTM:SVC TimerManager:registerTimer called after profile-before-change notification. Ignoring timer registration for id: telemetry_modules_ping
1528098639349	geckodriver	INFO	geckodriver 0.20.1
1528098639359	geckodriver	INFO	Listening on 127.0.0.1:62135
1528098639861	mozrunner::runner	INFO	Running command: "D:\\firefox\\firefox.exe" "-marionette" "-headless" "-profile" "C:\\Users\\Administrator\\AppData\\Local\\Temp\\rust_mozprofile.qEDeoqB7rWJS"
*** You are running in headless mode.
1528098642290	Marionette	INFO	Listening on port 62142
1528098642676	Marionette	WARN	TLS certificate errors will be ignored for this session
Unable to read VR Path Registry from C:\Users\Administrator\AppData\Local\openvr\openvrpaths.vrpath
JavaScript warning: http://js.8684.cn/citys/jq.min.js, line 1: Using //@ to indicate sourceMappingURL pragmas is deprecated. Use //# instead
JavaScript error: http://www.8684.cn/api/topbanner.php, line 1: TypeError: da is null
Unable to read VR Path Registry from C:\Users\Administrator\AppData\Local\openvr\openvrpaths.vrpath
[Child 8376, Chrome_ChildThread] WARNING: pipe error: 109: file z:/build/build/src/ipc/chromium/src/chrome/common/ipc_channel_win.cc, line 346
[Child 8376, Chrome_ChildThread] WARNING: pipe error: 109: file z:/build/build/src/ipc/chromium/src/chrome/common/ipc_channel_win.cc, line 346
*** UTM:SVC TimerManager:registerTimer called after profile-before-change notification. Ignoring timer registration for id: telemetry_modules_ping
Unable to read VR Path Registry from C:\Users\Administrator\AppData\Local\openvr\openvrpaths.vrpath
1528099391435	geckodriver	INFO	geckodriver 0.20.1
1528099391444	geckodriver	INFO	Listening on 127.0.0.1:62903
1528099391970	mozrunner::runner	INFO	Running command: "D:\\firefox\\firefox.exe" "-marionette" "-headless" "-profile" "C:\\Users\\Administrator\\AppData\\Local\\Temp\\rust_mozprofile.lcjW1HXApzB9"
*** You are running in headless mode.
1528099394053	Marionette	INFO	Listening on port 62913
1528099394087	Marionette	WARN	TLS certificate errors will be ignored for this session
Unable to read VR Path Registry from C:\Users\Administrator\AppData\Local\openvr\openvrpaths.vrpath
JavaScript warning: http://js.8684.cn/citys/jq.min.js, line 1: Using //@ to indicate sourceMappingURL pragmas is deprecated. Use //# instead
JavaScript error: http://www.8684.cn/api/topbanner.php, line 1: TypeError: da is null
Unable to read VR Path Registry from C:\Users\Administrator\AppData\Local\openvr\openvrpaths.vrpath
[Child 7588, Chrome_ChildThread] WARNING: pipe error: 109: file z:/build/build/src/ipc/chromium/src/chrome/common/ipc_channel_win.cc, line 346
Unable to read VR Path Registry from C:\Users\Administrator\AppData\Local\openvr\openvrpaths.vrpath
[Parent 9432, Gecko_IOThread] WARNING: pipe error: 109: file z:/build/build/src/ipc/chromium/src/chrome/common/ipc_channel_win.cc, line 346
Unable to read VR Path Registry from C:\Users\Administrator\AppData\Local\openvr\openvrpaths.vrpath
[Child 1260, Chrome_ChildThread] WARNING: pipe error: 109: file z:/build/build/src/ipc/chromium/src/chrome/common/ipc_channel_win.cc, line 346
[Child 1260, Chrome_ChildThread] WARNING: pipe error: 109: file z:/build/build/src/ipc/chromium/src/chrome/common/ipc_channel_win.cc, line 346
*** UTM:SVC TimerManager:registerTimer called after profile-before-change notification. Ignoring timer registration for id: telemetry_modules_ping
1528099467653	geckodriver	INFO	geckodriver 0.20.1
1528099467662	geckodriver	INFO	Listening on 127.0.0.1:63109
1528099468169	mozrunner::runner	INFO	Running command: "D:\\firefox\\firefox.exe" "-marionette" "-headless" "-profile" "C:\\Users\\Administrator\\AppData\\Local\\Temp\\rust_mozprofile.Co1QuemJA3HX"
*** You are running in headless mode.
1528099470511	Marionette	INFO	Listening on port 63114
1528099470957	Marionette	WARN	TLS certificate errors will be ignored for this session
Unable to read VR Path Registry from C:\Users\Administrator\AppData\Local\openvr\openvrpaths.vrpath
JavaScript warning: http://js.8684.cn/citys/jq.min.js, line 1: Using //@ to indicate sourceMappingURL pragmas is deprecated. Use //# instead
JavaScript error: http://www.8684.cn/api/topbanner.php, line 1: TypeError: da is null
Unable to read VR Path Registry from C:\Users\Administrator\AppData\Local\openvr\openvrpaths.vrpath
[Parent 8364, Gecko_IOThread] WARNING: pipe error: 109: file z:/build/build/src/ipc/chromium/src/chrome/common/ipc_channel_win.cc, line 346
Unable to read VR Path Registry from C:\Users\Administrator\AppData\Local\openvr\openvrpaths.vrpath
[Child 9468, Chrome_ChildThread] WARNING: pipe error: 109: file z:/build/build/src/ipc/chromium/src/chrome/common/ipc_channel_win.cc, line 346
[Child 8752, Chrome_ChildThread] WARNING: pipe error: 109: file z:/build/build/src/ipc/chromium/src/chrome/common/ipc_channel_win.cc, line 346
*** UTM:SVC TimerManager:registerTimer called after profile-before-change notification. Ignoring timer registration for id: telemetry_modules_ping
1528099525058	geckodriver	INFO	geckodriver 0.20.1
1528099525069	geckodriver	INFO	Listening on 127.0.0.1:63287
1528099525609	mozrunner::runner	INFO	Running command: "D:\\firefox\\firefox.exe" "-marionette" "-headless" "-profile" "C:\\Users\\Administrator\\AppData\\Local\\Temp\\rust_mozprofile.uCY4jIgvmbP3"
*** You are running in headless mode.
1528099527753	Marionette	INFO	Listening on port 63292
1528099527840	Marionette	WARN	TLS certificate errors will be ignored for this session
Unable to read VR Path Registry from C:\Users\Administrator\AppData\Local\openvr\openvrpaths.vrpath
JavaScript warning: http://js.8684.cn/citys/jq.min.js, line 1: Using //@ to indicate sourceMappingURL pragmas is deprecated. Use //# instead
JavaScript error: http://www.8684.cn/api/topbanner.php, line 1: TypeError: da is null
Unable to read VR Path Registry from C:\Users\Administrator\AppData\Local\openvr\openvrpaths.vrpath
[Child 6744, Chrome_ChildThread] WARNING: pipe error: 109: file z:/build/build/src/ipc/chromium/src/chrome/common/ipc_channel_win.cc, line 346
*** UTM:SVC TimerManager:registerTimer called after profile-before-change notification. Ignoring timer registration for id: telemetry_modules_ping
Unable to read VR Path Registry from C:\Users\Administrator\AppData\Local\openvr\openvrpaths.vrpath
1528099577222	geckodriver	INFO	geckodriver 0.20.1
1528099577237	geckodriver	INFO	Listening on 127.0.0.1:63445
1528099577737	mozrunner::runner	INFO	Running command: "D:\\firefox\\firefox.exe" "-marionette" "-headless" "-profile" "C:\\Users\\Administrator\\AppData\\Local\\Temp\\rust_mozprofile.2ja2ak4qD1QW"
*** You are running in headless mode.
1528099579987	Marionette	INFO	Listening on port 63450
1528099580029	Marionette	WARN	TLS certificate errors will be ignored for this session
Unable to read VR Path Registry from C:\Users\Administrator\AppData\Local\openvr\openvrpaths.vrpath
JavaScript warning: http://js.8684.cn/citys/jq.min.js, line 1: Using //@ to indicate sourceMappingURL pragmas is deprecated. Use //# instead
JavaScript error: http://www.8684.cn/api/topbanner.php, line 1: TypeError: da is null
Unable to read VR Path Registry from C:\Users\Administrator\AppData\Local\openvr\openvrpaths.vrpath
[Child 7608, Chrome_ChildThread] WARNING: pipe error: 109: file z:/build/build/src/ipc/chromium/src/chrome/common/ipc_channel_win.cc, line 346
[Child 9856, Chrome_ChildThread] WARNING: pipe error: 109: file z:/build/build/src/ipc/chromium/src/chrome/common/ipc_channel_win.cc, line 346
Unable to read VR Path Registry from C:\Users\Administrator\AppData\Local\openvr\openvrpaths.vrpath
[Parent 3916, Gecko_IOThread] WARNING: pipe error: 109: file z:/build/build/src/ipc/chromium/src/chrome/common/ipc_channel_win.cc, line 346
Unable to read VR Path Registry from C:\Users\Administrator\AppData\Local\openvr\openvrpaths.vrpath
[Child 9428, Chrome_ChildThread] WARNING: pipe error: 109: file z:/build/build/src/ipc/chromium/src/chrome/common/ipc_channel_win.cc, line 346
*** UTM:SVC TimerManager:registerTimer called after profile-before-change notification. Ignoring timer registration for id: telemetry_modules_ping
1528100342626	geckodriver	INFO	geckodriver 0.20.1
1528100342637	geckodriver	INFO	Listening on 127.0.0.1:64658
1528100343152	mozrunner::runner	INFO	Running command: "D:\\firefox\\firefox.exe" "-marionette" "-headless" "-profile" "C:\\Users\\Administrator\\AppData\\Local\\Temp\\rust_mozprofile.OI0bSKFXgHAP"
*** You are running in headless mode.
1528100345737	Marionette	INFO	Listening on port 64663
1528100345893	Marionette	WARN	TLS certificate errors will be ignored for this session
Unable to read VR Path Registry from C:\Users\Administrator\AppData\Local\openvr\openvrpaths.vrpath
JavaScript warning: http://js.8684.cn/citys/jq.min.js, line 1: Using //@ to indicate sourceMappingURL pragmas is deprecated. Use //# instead
JavaScript error: http://www.8684.cn/api/topbanner.php, line 1: TypeError: da is null
Unable to read VR Path Registry from C:\Users\Administrator\AppData\Local\openvr\openvrpaths.vrpath
[Child 7156, Chrome_ChildThread] WARNING: pipe error: 109: file z:/build/build/src/ipc/chromium/src/chrome/common/ipc_channel_win.cc, line 346
[Child 7156, Chrome_ChildThread] WARNING: pipe error: 109: file z:/build/build/src/ipc/chromium/src/chrome/common/ipc_channel_win.cc, line 346
*** UTM:SVC TimerManager:registerTimer called after profile-before-change notification. Ignoring timer registration for id: telemetry_modules_ping
Unable to read VR Path Registry from C:\Users\Administrator\AppData\Local\openvr\openvrpaths.vrpath
