1527843951115	geckodriver	INFO	geckodriver 0.20.1
1527843951131	geckodriver	INFO	Listening on 127.0.0.1:55355
1527843951654	mozrunner::runner	INFO	Running command: "D:\\firefox\\firefox.exe" "-marionette" "-profile" "C:\\Users\\Administrator\\AppData\\Local\\Temp\\rust_mozprofile.4QhXKzQ0sFOR"
1527843955724	Marionette	INFO	Listening on port 55361
1527843956167	Marionette	WARN	TLS certificate errors will be ignored for this session
Unable to read VR Path Registry from C:\Users\Administrator\AppData\Local\openvr\openvrpaths.vrpath
JavaScript warning: http://js.8684.cn/citys/jq.min.js, line 1: Using //@ to indicate sourceMappingURL pragmas is deprecated. Use //# instead
JavaScript error: http://www.8684.cn/api/topbanner.php, line 1: TypeError: da is null
Unable to read VR Path Registry from C:\Users\Administrator\AppData\Local\openvr\openvrpaths.vrpath
[Child 8244, Chrome_ChildThread] WARNING: pipe error: 109: file z:/build/build/src/ipc/chromium/src/chrome/common/ipc_channel_win.cc, line 346
[Child 8244, Chrome_ChildThread] WARNING: pipe error: 109: file z:/build/build/src/ipc/chromium/src/chrome/common/ipc_channel_win.cc, line 346
[Child 7260, Chrome_ChildThread] WARNING: pipe error: 109: file z:/build/build/src/ipc/chromium/src/chrome/common/ipc_channel_win.cc, line 346
Unable to read VR Path Registry from C:\Users\Administrator\AppData\Local\openvr\openvrpaths.vrpath
[Child 5096, Chrome_ChildThread] WARNING: pipe error: 109: file z:/build/build/src/ipc/chromium/src/chrome/common/ipc_channel_win.cc, line 346
[Child 5096, Chrome_ChildThread] WARNING: pipe error: 109: file z:/build/build/src/ipc/chromium/src/chrome/common/ipc_channel_win.cc, line 346
*** UTM:SVC TimerManager:registerTimer called after profile-before-change notification. Ignoring timer registration for id: telemetry_modules_ping
Unable to read VR Path Registry from C:\Users\Administrator\AppData\Local\openvr\openvrpaths.vrpath
1528091122768	geckodriver	INFO	geckodriver 0.20.1
1528091122791	geckodriver	INFO	Listening on 127.0.0.1:50853
1528091123267	mozrunner::runner	INFO	Running command: "D:\\firefox\\firefox.exe" "-marionette" "-headless" "-profile" "C:\\Users\\Administrator\\AppData\\Local\\Temp\\rust_mozprofile.EGm9arcgcZJC"
*** You are running in headless mode.
1528091126827	Marionette	INFO	Listening on port 50858
1528091127392	Marionette	WARN	TLS certificate errors will be ignored for this session
Unable to read VR Path Registry from C:\Users\Administrator\AppData\Local\openvr\openvrpaths.vrpath
JavaScript warning: http://js.8684.cn/citys/jq.min.js, line 1: Using //@ to indicate sourceMappingURL pragmas is deprecated. Use //# instead
JavaScript error: http://www.8684.cn/api/topbanner.php, line 1: TypeError: da is null
[Child 1648, Chrome_ChildThread] WARNING: pipe error: 109: file z:/build/build/src/ipc/chromium/src/chrome/common/ipc_channel_win.cc, line 346
Unable to read VR Path Registry from C:\Users\Administrator\AppData\Local\openvr\openvrpaths.vrpath
[Child 5140, Chrome_ChildThread] WARNING: pipe error: 109: file z:/build/build/src/ipc/chromium/src/chrome/common/ipc_channel_win.cc, line 346
*** UTM:SVC TimerManager:registerTimer called after profile-before-change notification. Ignoring timer registration for id: telemetry_modules_ping
Unable to read VR Path Registry from C:\Users\Administrator\AppData\Local\openvr\openvrpaths.vrpath
1528091146353	geckodriver	INFO	geckodriver 0.20.1
1528091146363	geckodriver	INFO	Listening on 127.0.0.1:50997
1528091146869	mozrunner::runner	INFO	Running command: "D:\\firefox\\firefox.exe" "-marionette" "-headless" "-profile" "C:\\Users\\Administrator\\AppData\\Local\\Temp\\rust_mozprofile.pmWEyGVIIn3g"
*** You are running in headless mode.
1528091149674	Marionette	INFO	Listening on port 51003
1528091149698	Marionette	WARN	TLS certificate errors will be ignored for this session
Unable to read VR Path Registry from C:\Users\Administrator\AppData\Local\openvr\openvrpaths.vrpath
JavaScript warning: http://js.8684.cn/citys/jq.min.js, line 1: Using //@ to indicate sourceMappingURL pragmas is deprecated. Use //# instead
JavaScript error: http://www.8684.cn/api/topbanner.php, line 1: TypeError: da is null
1528092398109	addons.productaddons	WARN	Failed downloading XML, status: 0, reason: error
1528092399022	addons.productaddons	WARN	Failed downloading via XHR, status: 0, reason: error
x.exe" "-marionette" "-headless" "-profile" "C:\\Users\\Administrator\\AppData\\Local\\Temp\\rust_mozprofile.igZqzBdZxgsT"
*** You are running in headless mode.
1528091175568	Marionette	INFO	Listening on port 51183
1528091175830	Marionette	WARN	TLS certificate errors will be ignored for this session
Unable to read VR Path Registry from C:\Users\Administrator\AppData\Local\openvr\openvrpaths.vrpath
JavaScript warning: http://js.8684.cn/citys/jq.min.js, line 1: Using //@ to indicate sourceMappingURL pragmas is deprecated. Use //# instead
JavaScript error: http://www.8684.cn/api/topbanner.php, line 1: TypeError: da is null
Unable to read VR Path Registry from C:\Users\Administrator\AppData\Local\openvr\openvrpaths.vrpath
[Child 7652, Chrome_ChildThread] WARNING: pipe error: 109: file z:/build/build/src/ipc/chromium/src/chrome/common/ipc_channel_win.cc, line 346
Unable to read VR Path Registry from C:\Users\Administrator\AppData\Local\openvr\openvrpaths.vrpath
[Parent 5648, Gecko_IOThread] WARNING: pipe error: 109: file z:/build/build/src/ipc/chromium/src/chrome/common/ipc_channel_win.cc, line 346
[Child 7896, Chrome_ChildThread] WARNING: pipe error: 109: file z:/build/build/src/ipc/chromium/src/chrome/common/ipc_channel_win.cc, line 346
[Child 7896, Chrome_ChildThread] WARNING: pipe error: 109: file z:/build/build/src/ipc/chromium/src/chrome/common/ipc_channel_win.cc, line 346
*** UTM:SVC TimerManager:registerTimer called after profile-before-change notification. Ignoring timer registration for id: telemetry_modules_ping

###!!! [Parent][RunMessage] Error: Channel closing: too late to send/recv, messages will be lost

1528091903105	geckodriver	INFO	geckodriver 0.20.1
1528091903118	geckodriver	INFO	Listening on 127.0.0.1:52266
1528091903642	mozrunner::runner	INFO	Running command: "D:\\firefox\\firefox.exe" "-marionette" "-headless" "-profile" "C:\\Users\\Administrator\\AppData\\Local\\Temp\\rust_mozprofile.0X0OaGgT7QcD"
*** You are running in headless mode.
1528091906132	Marionette	INFO	Listening on port 52271
1528091906469	Marionette	WARN	TLS certificate errors will be ignored for this session
Unable to read VR Path Registry from C:\Users\Administrator\AppData\Local\openvr\openvrpaths.vrpath
JavaScript warning: http://js.8684.cn/citys/jq.min.js, line 1: Using //@ to indicate sourceMappingURL pragmas is deprecated. Use //# instead
JavaScript error: http://www.8684.cn/api/topbanner.php, line 1: TypeError: da is null
Unable to read VR Path Registry from C:\Users\Administrator\AppData\Local\openvr\openvrpaths.vrpath
[Child 6292, Chrome_ChildThread] WARNING: pipe error: 109: file z:/build/build/src/ipc/chromium/src/chrome/common/ipc_channel_win.cc, line 346
Unable to read VR Path Registry from C:\Users\Administrator\AppData\Local\openvr\openvrpaths.vrpath
[Parent 8040, Gecko_IOThread] WARNING: pipe error: 109: file z:/build/build/src/ipc/chromium/src/chrome/common/ipc_channel_win.cc, line 346
[Child 7580, Chrome_ChildThread] WARNING: pipe error: 109: file z:/build/build/src/ipc/chromium/src/chrome/common/ipc_channel_win.cc, line 346
[Parent 8040, Gecko_IOThread] WARNING: pipe error: 109: file z:/build/build/src/ipc/chromium/src/chrome/common/ipc_channel_win.cc, line 346
*** UTM:SVC TimerManager:registerTimer called after profile-before-change notification. Ignoring timer registration for id: telemetry_modules_ping
1528092180070	geckodriver	INFO	geckodriver 0.20.1
1528092180085	geckodriver	INFO	Listening on 127.0.0.1:52555
1528092180582	mozrunner::runner	INFO	Running command: "D:\\firefox\\firefox.exe" "-marionette" "-headless" "-profile" "C:\\Users\\Administrator\\AppData\\Local\\Temp\\rust_mozprofile.N3fNAroVHtXd"
*** You are running in headless mode.
1528092183595	Marionette	INFO	Listening on port 52560
1528092183972	Marionette	WARN	TLS certificate errors will be ignored for this session
Unable to read VR Path Registry from C:\Users\Administrator\AppData\Local\openvr\openvrpaths.vrpath
JavaScript warning: http://js.8684.cn/citys/jq.min.js, line 1: Using //@ to indicate sourceMappingURL pragmas is deprecated. Use //# instead
JavaScript error: http://www.8684.cn/api/topbanner.php, line 1: TypeError: da is null
Unable to read VR Path Registry from C:\Users\Administrator\AppData\Local\openvr\openvrpaths.vrpath
[Child 7592, Chrome_ChildThread] WARNING: pipe error: 109: file z:/build/build/src/ipc/chromium/src/chrome/common/ipc_channel_win.cc, line 346
[Child 6416, Chrome_ChildThread] WARNING: pipe error: 109: file z:/build/build/src/ipc/chromium/src/chrome/common/ipc_channel_win.cc, line 346
Unable to read VR Path Registry from C:\Users\Administrator\AppData\Local\openvr\openvrpaths.vrpath
[Child 6384, Chrome_ChildThread] WARNING: pipe error: 109: file z:/build/build/src/ipc/chromium/src/chrome/common/ipc_channel_win.cc, line 346
*** UTM:SVC TimerManager:registerTimer called after profile-before-change notification. Ignoring timer registration for id: telemetry_modules_ping
Unable to read VR Path Registry from C:\Users\Administrator\AppData\Local\openvr\openvrpaths.vrpath
1528094882575	geckodriver	INFO	geckodriver 0.20.1
1528094882607	geckodriver	INFO	Listening on 127.0.0.1:55168
1528094883112	mozrunner::runner	INFO	Running command: "D:\\firefox\\firefox.exe" "-marionette" "-headless" "-profile" "C:\\Users\\Administrator\\AppData\\Local\\Temp\\rust_mozprofile.BpqwBHiOtHEH"
*** You are running in headless mode.
1528094886478	Marionette	INFO	Listening on port 55174
1528094886563	Marionette	WARN	TLS certificate errors will be ignored for this session
Unable to read VR Path Registry from C:\Users\Administrator\AppData\Local\openvr\openvrpaths.vrpath
JavaScript warning: http://js.8684.cn/citys/jq.min.js, line 1: Using //@ to indicate sourceMappingURL pragmas is deprecated. Use //# instead
JavaScript error: http://www.8684.cn/api/topbanner.php, line 1: TypeError: da is null
Unable to read VR Path Registry from C:\Users\Administrator\AppData\Local\openvr\openvrpaths.vrpath
[Child 8400, Chrome_ChildThread] WARNING: pipe error: 109: file z:/build/build/src/ipc/chromium/src/chrome/common/ipc_channel_win.cc, line 346
[Child 8400, Chrome_ChildThread] WARNING: pipe error: 109: file z:/build/build/src/ipc/chromium/src/chrome/common/ipc_channel_win.cc, line 346
Unable to read VR Path Registry from C:\Users\Administrator\AppData\Local\openvr\openvrpaths.vrpath
[Child 6328, Chrome_ChildThread] WARNING: pipe error: 109: file z:/build/build/src/ipc/chromium/src/chrome/common/ipc_channel_win.cc, line 346
*** UTM:SVC TimerManager:registerTimer called after profile-before-change notification. Ignoring timer registration for id: telemetry_modules_ping
Unable to read VR Path Registry from C:\Users\Administrator\AppData\Local\openvr\openvrpaths.vrpath
1528094935285	geckodriver	INFO	geckodriver 0.20.1
1528094935299	geckodriver	INFO	Listening on 127.0.0.1:55377
1528094935810	mozrunner::runner	INFO	Running command: "D:\\firefox\\firefox.exe" "-marionette" "-headless" "-profile" "C:\\Users\\Administrator\\AppData\\Local\\Temp\\rust_mozprofile.jaatutZJcK8t"
*** You are running in headless mode.
1528094938609	Marionette	INFO	Listening on port 55382
1528094938677	Marionette	WARN	TLS certificate errors will be ignored for this session
Unable to read VR Path Registry from C:\Users\Administrator\AppData\Local\openvr\openvrpaths.vrpath
JavaScript warning: http://js.8684.cn/citys/jq.min.js, line 1: Using //@ to indicate sourceMappingURL pragmas is deprecated. Use //# instead
JavaScript error: http://www.8684.cn/api/topbanner.php, line 1: TypeError: da is null
Unable to read VR Path Registry from C:\Users\Administrator\AppData\Local\openvr\openvrpaths.vrpath
[Child 6420, Chrome_ChildThread] WARNING: pipe error: 109: file z:/build/build/src/ipc/chromium/src/chrome/common/ipc_channel_win.cc, line 346
[Child 6420, Chrome_ChildThread] WARNING: pipe error: 109: file z:/build/build/src/ipc/chromium/src/chrome/common/ipc_channel_win.cc, line 346
Unable to read VR Path Registry from C:\Users\Administrator\AppData\Local\openvr\openvrpaths.vrpath
[Parent 8440, Gecko_IOThread] WARNING: pipe error: 109: file z:/build/build/src/ipc/chromium/src/chrome/common/ipc_channel_win.cc, line 346
[Child 7576, Chrome_ChildThread] WARNING: pipe error: 109: file z:/build/build/src/ipc/chromium/src/chrome/common/ipc_channel_win.cc, line 346
[Child 7576, Chrome_ChildThread] WARNING: pipe error: 109: file z:/build/build/src/ipc/chromium/src/chrome/common/ipc_channel_win.cc, line 346
*** UTM:SVC TimerManager:registerTimer called after profile-before-change notification. Ignoring timer registration for id: telemetry_modules_ping
1528094971215	geckodriver	INFO	geckodriver 0.20.1
1528094971227	geckodriver	INFO	Listening on 127.0.0.1:55600
1528094971737	mozrunner::runner	INFO	Running command: "D:\\firefox\\firefox.exe" "-marionette" "-headless" "-profile" "C:\\Users\\Administrator\\AppData\\Local\\Temp\\rust_mozprofile.rofIntTXFvRW"
*** You are running in headless mode.
1528094974191	Marionette	INFO	Listening on port 55605
1528094974540	Marionette	WARN	TLS certificate errors will be ignored for this session
Unable to read VR Path Registry from C:\Users\Administrator\AppData\Local\openvr\openvrpaths.vrpath
JavaScript warning: http://js.8684.cn/citys/jq.min.js, line 1: Using //@ to indicate sourceMappingURL pragmas is deprecated. Use //# instead
JavaScript error: http://www.8684.cn/api/topbanner.php, line 1: TypeError: da is null
Unable to read VR Path Registry from C:\Users\Administrator\AppData\Local\openvr\openvrpaths.vrpath
[Parent 7412, Gecko_IOThread] WARNING: pipe error: 109: file z:/build/build/src/ipc/chromium/src/chrome/common/ipc_channel_win.cc, line 346
Unable to read VR Path Registry from C:\Users\Administrator\AppData\Local\openvr\openvrpaths.vrpath
[Child 8260, Chrome_ChildThread] WARNING: pipe error: 109: file z:/build/build/src/ipc/chromium/src/chrome/common/ipc_channel_win.cc, line 346
[Child 8260, Chrome_ChildThread] WARNING: pipe error: 109: file z:/build/build/src/ipc/chromium/src/chrome/common/ipc_channel_win.cc, line 346
[Parent 7412, Gecko_IOThread] WARNING: pipe error: 109: file z:/build/build/src/ipc/chromium/src/chrome/common/ipc_channel_win.cc, line 346
[Parent 7412, Gecko_IOThread] WARNING: pipe error: 109: file z:/build/build/src/ipc/chromium/src/chrome/common/ipc_channel_win.cc, line 346
Unable to read VR Path Registry from C:\Users\Administrator\AppData\Local\openvr\openvrpaths.vrpath
[Child 8780, Chrome_ChildThread] WARNING: pipe error: 109: file z:/build/build/src/ipc/chromium/src/chrome/common/ipc_channel_win.cc, line 346
*** UTM:SVC TimerManager:registerTimer called after profile-before-change notification. Ignoring timer registration for id: telemetry_modules_ping
1528095056200	geckodriver	INFO	geckodriver 0.20.1
1528095056213	geckodriver	INFO	Listening on 127.0.0.1:55915
1528095056743	mozrunner::runner	INFO	Running command: "D:\\firefox\\firefox.exe" "-marionette" "-headless" "-profile" "C:\\Users\\Administrator\\AppData\\Local\\Temp\\rust_mozprofile.RuhnV4UDgFVW"
*** You are running in headless mode.
1528095060057	Marionette	INFO	Listening on port 55921
1528095060077	Marionette	WARN	TLS certificate errors will be ignored for this session
Unable to read VR Path Registry from C:\Users\Administrator\AppData\Local\openvr\openvrpaths.vrpath
JavaScript warning: http://js.8684.cn/citys/jq.min.js, line 1: Using //@ to indicate sourceMappingURL pragmas is deprecated. Use //# instead
JavaScript error: http://www.8684.cn/api/topbanner.php, line 1: TypeError: da is null
Unable to read VR Path Registry from C:\Users\Administrator\AppData\Local\openvr\openvrpaths.vrpath
[Parent 8684, Gecko_IOThread] WARNING: pipe error: 109: file z:/build/build/src/ipc/chromium/src/chrome/common/ipc_channel_win.cc, line 346
Unable to read VR Path Registry from C:\Users\Administrator\AppData\Local\openvr\openvrpaths.vrpath
[Child 8436, Chrome_ChildThread] WARNING: pipe error: 109: file z:/build/build/src/ipc/chromium/src/chrome/common/ipc_channel_win.cc, line 346
*** UTM:SVC TimerManager:registerTimer called after profile-before-change notification. Ignoring timer registration for id: telemetry_modules_ping
1528095193902	geckodriver	INFO	geckodriver 0.20.1
1528095193917	geckodriver	INFO	Listening on 127.0.0.1:56143
1528095194446	mozrunner::runner	INFO	Running command: "D:\\firefox\\firefox.exe" "-marionette" "-headless" "-profile" "C:\\Users\\Administrator\\AppData\\Local\\Temp\\rust_mozprofile.jk7bpHCzOC06"
*** You are running in headless mode.
1528095197312	Marionette	INFO	Listening on port 56150
1528095197801	Marionette	WARN	TLS certificate errors will be ignored for this session
Unable to read VR Path Registry from C:\Users\Administrator\AppData\Local\openvr\openvrpaths.vrpath
JavaScript warning: http://js.8684.cn/citys/jq.min.js, line 1: Using //@ to indicate sourceMappingURL pragmas is deprecated. Use //# instead
JavaScript error: http://www.8684.cn/api/topbanner.php, line 1: TypeError: da is null
Unable to read VR Path Registry from C:\Users\Administrator\AppData\Local\openvr\openvrpaths.vrpath
[Child 6288, Chrome_ChildThread] WARNING: pipe error: 109: file z:/build/build/src/ipc/chromium/src/chrome/common/ipc_channel_win.cc, line 346
*** UTM:SVC TimerManager:registerTimer called after profile-before-change notification. Ignoring timer registration for id: telemetry_modules_ping
Unable to read VR Path Registry from C:\Users\Administrator\AppData\Local\openvr\openvrpaths.vrpath
1528095238138	geckodriver	INFO	geckodriver 0.20.1
1528095238152	geckodriver	INFO	Listening on 127.0.0.1:56349
1528095238660	mozrunner::runner	INFO	Running command: "D:\\firefox\\firefox.exe" "-marionette" "-headless" "-profile" "C:\\Users\\Administrator\\AppData\\Local\\Temp\\rust_mozprofile.F5K080QRmogp"
*** You are running in headless mode.
1528095241483	Marionette	INFO	Listening on port 56354
1528095241907	Marionette	WARN	TLS certificate errors will be ignored for this session
Unable to read VR Path Registry from C:\Users\Administrator\AppData\Local\openvr\openvrpaths.vrpath
JavaScript warning: http://js.8684.cn/citys/jq.min.js, line 1: Using //@ to indicate sourceMappingURL pragmas is deprecated. Use //# instead
JavaScript error: http://www.8684.cn/api/topbanner.php, line 1: TypeError: da is null
Unable to read VR Path Registry from C:\Users\Administrator\AppData\Local\openvr\openvrpaths.vrpath
[Child 8916, Chrome_ChildThread] WARNING: pipe error: 109: file z:/build/build/src/ipc/chromium/src/chrome/common/ipc_channel_win.cc, line 346
[Child 8180, Chrome_ChildThread] WARNING: pipe error: 109: file z:/build/build/src/ipc/chromium/src/chrome/common/ipc_channel_win.cc, line 346
Unable to read VR Path Registry from C:\Users\Administrator\AppData\Local\openvr\openvrpaths.vrpath
[Parent 3520, Gecko_IOThread] WARNING: file z:/build/build/src/ipc/chromium/src/base/process_util_win.cc, line 188
*** UTM:SVC TimerManager:registerTimer called after profile-before-change notification. Ignoring timer registration for id: telemetry_modules_ping
1528095379953	geckodriver	INFO	geckodriver 0.20.1
1528095379965	geckodriver	INFO	Listening on 127.0.0.1:56566
1528095380469	mozrunner::runner	INFO	Running command: "D:\\firefox\\firefox.exe" "-marionette" "-headless" "-profile" "C:\\Users\\Administrator\\AppData\\Local\\Temp\\rust_mozprofile.EpmKssGknQdH"
*** You are running in headless mode.
1528095383471	Marionette	INFO	Listening on port 56573
1528095383784	Marionette	WARN	TLS certificate errors will be ignored for this session
Unable to read VR Path Registry from C:\Users\Administrator\AppData\Local\openvr\openvrpaths.vrpath
JavaScript warning: http://js.8684.cn/citys/jq.min.js, line 1: Using //@ to indicate sourceMappingURL pragmas is deprecated. Use //# instead
JavaScript error: http://www.8684.cn/api/topbanner.php, line 1: TypeError: da is null
Unable to read VR Path Registry from C:\Users\Administrator\AppData\Local\openvr\openvrpaths.vrpath
[Parent 3800, Gecko_IOThread] WARNING: pipe error: 109: file z:/build/build/src/ipc/chromium/src/chrome/common/ipc_channel_win.cc, line 346
Unable to read VR Path Registry from C:\Users\Administrator\AppData\Local\openvr\openvrpaths.vrpath
[Child 8768, Chrome_ChildThread] WARNING: pipe error: 109: file z:/build/build/src/ipc/chromium/src/chrome/common/ipc_channel_win.cc, line 346
Unable to read VR Path Registry from C:\Users\Administrator\AppData\Local\openvr\openvrpaths.vrpath
[Child 3684, Chrome_ChildThread] WARNING: pipe error: 109: file z:/build/build/src/ipc/chromium/src/chrome/common/ipc_channel_win.cc, line 346
*** UTM:SVC TimerManager:registerTimer called after profile-before-change notification. Ignoring timer registration for id: telemetry_modules_ping

###!!! [Parent][RunMessage] Error: Channel closing: too late to send/recv, messages will be lost

1528095558137	geckodriver	INFO	geckodriver 0.20.1
1528095558149	geckodriver	INFO	Listening on 127.0.0.1:57111
1528095558641	mozrunner::runner	INFO	Running command: "D:\\firefox\\firefox.exe" "-marionette" "-headless" "-profile" "C:\\Users\\Administrator\\AppData\\Local\\Temp\\rust_mozprofile.cLY0XWSQvR4x"
*** You are running in headless mode.
1528095561568	Marionette	INFO	Listening on port 57116
1528095561959	Marionette	WARN	TLS certificate errors will be ignored for this session
Unable to read VR Path Registry from C:\Users\Administrator\AppData\Local\openvr\openvrpaths.vrpath
JavaScript warning: http://js.8684.cn/citys/jq.min.js, line 1: Using //@ to indicate sourceMappingURL pragmas is deprecated. Use //# instead
JavaScript error: http://www.8684.cn/api/topbanner.php, line 1: TypeError: da is null
[Child 9172, Chrome_ChildThread] WARNING: pipe error: 109: file z:/build/build/src/ipc/chromium/src/chrome/common/ipc_channel_win.cc, line 346
[Child 9172, Chrome_ChildThread] WARNING: pipe error: 109: file z:/build/build/src/ipc/chromium/src/chrome/common/ipc_channel_win.cc, line 346
Unable to read VR Path Registry from C:\Users\Administrator\AppData\Local\openvr\openvrpaths.vrpath
[Child 9056, Chrome_ChildThread] WARNING: pipe error: 109: file z:/build/build/src/ipc/chromium/src/chrome/common/ipc_channel_win.cc, line 346
[Child 9056, Chrome_ChildThread] WARNING: pipe error: 109: file z:/build/build/src/ipc/chromium/src/chrome/common/ipc_channel_win.cc, line 346
*** UTM:SVC TimerManager:registerTimer called after profile-before-change notification. Ignoring timer registration for id: telemetry_modules_ping
Unable to read VR Path Registry from C:\Users\Administrator\AppData\Local\openvr\openvrpaths.vrpath
1528095766632	geckodriver	INFO	geckodriver 0.20.1
1528095766642	geckodriver	INFO	Listening on 127.0.0.1:57436
1528095767151	mozrunner::runner	INFO	Running command: "D:\\firefox\\firefox.exe" "-marionette" "-headless" "-profile" "C:\\Users\\Administrator\\AppData\\Local\\Temp\\rust_mozprofile.UWcRGvIkz1af"
*** You are running in headless mode.
1528095769875	Marionette	INFO	Listening on port 57443
1528095770047	Marionette	WARN	TLS certificate errors will be ignored for this session
Unable to read VR Path Registry from C:\Users\Administrator\AppData\Local\openvr\openvrpaths.vrpath
JavaScript warning: http://js.8684.cn/citys/jq.min.js, line 1: Using //@ to indicate sourceMappingURL pragmas is deprecated. Use //# instead
JavaScript error: http://www.8684.cn/api/topbanner.php, line 1: TypeError: da is null
Unable to read VR Path Registry from C:\Users\Administrator\AppData\Local\openvr\openvrpaths.vrpath
[Parent 6384, Gecko_IOThread] WARNING: file z:/build/build/src/ipc/chromium/src/base/process_util_win.cc, line 188
[Parent 6384, Gecko_IOThread] WARNING: pipe error: 109: file z:/build/build/src/ipc/chromium/src/chrome/common/ipc_channel_win.cc, line 346
[Child 8932, Chrome_ChildThread] WARNING: pipe error: 109: file z:/build/build/src/ipc/chromium/src/chrome/common/ipc_channel_win.cc, line 346
*** UTM:SVC TimerManager:registerTimer called after profile-before-change notification. Ignoring timer registration for id: telemetry_modules_ping
1528096044908	geckodriver	INFO	geckodriver 0.20.1
1528096044923	geckodriver	INFO	Listening on 127.0.0.1:57819
1528096045419	mozrunner::runner	INFO	Running command: "D:\\firefox\\firefox.exe" "-marionette" "-headless" "-profile" "C:\\Users\\Administrator\\AppData\\Local\\Temp\\rust_mozprofile.tF4XKlZewbC9"
*** You are running in headless mode.
1528096048474	Marionette	INFO	Listening on port 57824
1528096048785	Marionette	WARN	TLS certificate errors will be ignored for this session
Unable to read VR Path Registry from C:\Users\Administrator\AppData\Local\openvr\openvrpaths.vrpath
JavaScript warning: http://js.8684.cn/citys/jq.min.js, line 1: Using //@ to indicate sourceMappingURL pragmas is deprecated. Use //# instead
JavaScript error: http://www.8684.cn/api/topbanner.php, line 1: TypeError: da is null
1528096395869	addons.productaddons	WARN	Failed downloading XML, status: 0, reason: error
1528096397033	addons.productaddons	WARN	Failed downloading via XHR, status: 0, reason: error
x.exe" "-marionette" "-headless" "-profile" "C:\\Users\\Administrator\\AppData\\Local\\Temp\\rust_mozprofile.7yAVWDX65FWP"
*** You are running in headless mode.
1528096075313	Marionette	INFO	Listening on port 58031
1528096075489	Marionette	WARN	TLS certificate errors will be ignored for this session
Unable to read VR Path Registry from C:\Users\Administrator\AppData\Local\openvr\openvrpaths.vrpath
JavaScript warning: http://js.8684.cn/citys/jq.min.js, line 1: Using //@ to indicate sourceMappingURL pragmas is deprecated. Use //# instead
JavaScript error: http://www.8684.cn/api/topbanner.php, line 1: TypeError: da is null
Unable to read VR Path Registry from C:\Users\Administrator\AppData\Local\openvr\openvrpaths.vrpath
[Child 6792, Chrome_ChildThread] WARNING: pipe error: 109: file z:/build/build/src/ipc/chromium/src/chrome/common/ipc_channel_win.cc, line 346
Unable to read VR Path Registry from C:\Users\Administrator\AppData\Local\openvr\openvrpaths.vrpath
[Parent 9180, Gecko_IOThread] WARNING: pipe error: 232: file z:/build/build/src/ipc/chromium/src/chrome/common/ipc_channel_win.cc, line 513
[Parent 9180, Gecko_IOThread] WARNING: pipe error: 109: file z:/build/build/src/ipc/chromium/src/chrome/common/ipc_channel_win.cc, line 346
[Child 7596, Chrome_ChildThread] WARNING: pipe error: 109: file z:/build/build/src/ipc/chromium/src/chrome/common/ipc_channel_win.cc, line 346
[Parent 9180, Gecko_IOThread] WARNING: pipe error: 109: file z:/build/build/src/ipc/chromium/src/chrome/common/ipc_channel_win.cc, line 346
[Parent 9180, Gecko_IOThread] WARNING: file z:/build/build/src/ipc/chromium/src/base/process_util_win.cc, line 188
*** UTM:SVC TimerManager:registerTimer called after profile-before-change notification. Ignoring timer registration for id: telemetry_modules_ping
1528096190287	geckodriver	INFO	geckodriver 0.20.1
1528096190298	geckodriver	INFO	Listening on 127.0.0.1:58301
1528096190812	mozrunner::runner	INFO	Running command: "D:\\firefox\\firefox.exe" "-marionette" "-headless" "-profile" "C:\\Users\\Administrator\\AppData\\Local\\Temp\\rust_mozprofile.dvTJLUNeHbGT"
*** You are running in headless mode.
1528096193444	Marionette	INFO	Listening on port 58306
1528096193593	Marionette	WARN	TLS certificate errors will be ignored for this session
Unable to read VR Path Registry from C:\Users\Administrator\AppData\Local\openvr\openvrpaths.vrpath
JavaScript warning: http://js.8684.cn/citys/jq.min.js, line 1: Using //@ to indicate sourceMappingURL pragmas is deprecated. Use //# instead
JavaScript error: http://www.8684.cn/api/topbanner.php, line 1: TypeError: da is null
Unable to read VR Path Registry from C:\Users\Administrator\AppData\Local\openvr\openvrpaths.vrpath
[Child 6276, Chrome_ChildThread] WARNING: pipe error: 109: file z:/build/build/src/ipc/chromium/src/chrome/common/ipc_channel_win.cc, line 346
[Child 6276, Chrome_ChildThread] WARNING: pipe error: 109: file z:/build/build/src/ipc/chromium/src/chrome/common/ipc_channel_win.cc, line 346
Unable to read VR Path Registry from C:\Users\Administrator\AppData\Local\openvr\openvrpaths.vrpath
[Parent 9296, Gecko_IOThread] WARNING: pipe error: 109: file z:/build/build/src/ipc/chromium/src/chrome/common/ipc_channel_win.cc, line 346
[Child 8428, Chrome_ChildThread] WARNING: pipe error: 109: file z:/build/build/src/ipc/chromium/src/chrome/common/ipc_channel_win.cc, line 346
[Child 8428, Chrome_ChildThread] WARNING: pipe error: 109: file z:/build/build/src/ipc/chromium/src/chrome/common/ipc_channel_win.cc, line 346
[Parent 9296, Gecko_IOThread] WARNING: pipe error: 109: file z:/build/build/src/ipc/chromium/src/chrome/common/ipc_channel_win.cc, line 346
*** UTM:SVC TimerManager:registerTimer called after profile-before-change notification. Ignoring timer registration for id: telemetry_modules_ping
1528096335717	geckodriver	INFO	geckodriver 0.20.1
1528096335727	geckodriver	INFO	Listening on 127.0.0.1:58700
1528096336238	mozrunner::runner	INFO	Running command: "D:\\firefox\\firefox.exe" "-marionette" "-headless" "-profile" "C:\\Users\\Administrator\\AppData\\Local\\Temp\\rust_mozprofile.ala1270r8f4w"
*** You are running in headless mode.
1528096339221	Marionette	INFO	Listening on port 58714
1528096339259	Marionette	WARN	TLS certificate errors will be ignored for this session
Unable to read VR Path Registry from C:\Users\Administrator\AppData\Local\openvr\openvrpaths.vrpath
JavaScript warning: http://js.8684.cn/citys/jq.min.js, line 1: Using //@ to indicate sourceMappingURL pragmas is deprecated. Use //# instead
JavaScript error: http://www.8684.cn/api/topbanner.php, line 1: TypeError: da is null
Unable to read VR Path Registry from C:\Users\Administrator\AppData\Local\openvr\openvrpaths.vrpath
[Child 9720, Chrome_ChildThread] WARNING: pipe error: 109: file z:/build/build/src/ipc/chromium/src/chrome/common/ipc_channel_win.cc, line 346
[Child 9720, Chrome_ChildThread] WARNING: pipe error: 109: file z:/build/build/src/ipc/chromium/src/chrome/common/ipc_channel_win.cc, line 346
[Child 5476, Chrome_ChildThread] WARNING: pipe error: 109: file z:/build/build/src/ipc/chromium/src/chrome/common/ipc_channel_win.cc, line 346
[Child 5476, Chrome_ChildThread] WARNING: pipe error: 109: file z:/build/build/src/ipc/chromium/src/chrome/common/ipc_channel_win.cc, line 346
Unable to read VR Path Registry from C:\Users\Administrator\AppData\Local\openvr\openvrpaths.vrpath
[Child 10112, Chrome_ChildThread] WARNING: pipe error: 109: file z:/build/build/src/ipc/chromium/src/chrome/common/ipc_channel_win.cc, line 346
[Child 10112, Chrome_ChildThread] WARNING: pipe error: 109: file z:/build/build/src/ipc/chromium/src/chrome/common/ipc_channel_win.cc, line 346
*** UTM:SVC TimerManager:registerTimer called after profile-before-change notification. Ignoring timer registration for id: telemetry_modules_ping
Unable to read VR Path Registry from C:\Users\Administrator\AppData\Local\openvr\openvrpaths.vrpath
1528097405867	geckodriver	INFO	geckodriver 0.20.1
1528097405888	geckodriver	INFO	Listening on 127.0.0.1:60234
1528097406395	mozrunner::runner	INFO	Running command: "D:\\firefox\\firefox.exe" "-marionette" "-headless" "-profile" "C:\\Users\\Administrator\\AppData\\Local\\Temp\\rust_mozprofile.y9a14LhUw3Vr"
*** You are running in headless mode.
1528097408893	Marionette	INFO	Listening on port 60239
1528097409183	Marionette	WARN	TLS certificate errors will be ignored for this session
Unable to read VR Path Registry from C:\Users\Administrator\AppData\Local\openvr\openvrpaths.vrpath
JavaScript warning: http://js.8684.cn/citys/jq.min.js, line 1: Using //@ to indicate sourceMappingURL pragmas is deprecated. Use //# instead
JavaScript error: http://www.8684.cn/api/topbanner.php, line 1: TypeError: da is null
Unable to read VR Path Registry from C:\Users\Administrator\AppData\Local\openvr\openvrpaths.vrpath
[Child 7896, Chrome_ChildThread] WARNING: pipe error: 109: file z:/build/build/src/ipc/chromium/src/chrome/common/ipc_channel_win.cc, line 346
[Child 7896, Chrome_ChildThread] WARNING: pipe error: 109: file z:/build/build/src/ipc/chromium/src/chrome/common/ipc_channel_win.cc, line 346
Unable to read VR Path Registry from C:\Users\Administrator\AppData\Local\openvr\openvrpaths.vrpath
[Parent 9340, Gecko_IOThread] WARNING: file z:/build/build/src/ipc/chromium/src/base/process_util_win.cc, line 188
[Parent 9340, Gecko_IOThread] WARNING: pipe error: 109: file z:/build/build/src/ipc/chromium/src/chrome/common/ipc_channel_win.cc, line 346
Unable to read VR Path Registry from C:\Users\Administrator\AppData\Local\openvr\openvrpaths.vrpath
[Child 9544, Chrome_ChildThread] WARNING: pipe error: 109: file z:/build/build/src/ipc/chromium/src/chrome/common/ipc_channel_win.cc, line 346
[Child 9544, Chrome_ChildThread] WARNING: pipe error: 109: file z:/build/build/src/ipc/chromium/src/chrome/common/ipc_channel_win.cc, line 346
*** UTM:SVC TimerManager:registerTimer called after profile-before-change notification. Ignoring timer registration for id: telemetry_modules_ping
